<?xml version="1.0" encoding="UTF-8"?>
<!-- Generated by org.testng.reporters.JUnitReportReporter -->
<testsuite hostname="E7470" failures="0" tests="1" name="TestCases.TestSignInPage" time="31.037" errors="0" timestamp="2022-08-25T00:04:01 EDT" skipped="0">
  <testcase classname="TestCases.TestSignInPage" name="testSignInRetool" time="31.037"/>
  <system-out/>
</testsuite> <!-- TestCases.TestSignInPage -->
