<?xml version="1.0" encoding="UTF-8"?>
<!-- Generated by org.testng.reporters.JUnitReportReporter -->
<testsuite hostname="E7470" failures="0" tests="1" name="TestCases.TestSignInPage" time="29.082" errors="0" timestamp="2022-08-24T20:02:03 EDT" skipped="0">
  <testcase classname="TestCases.TestSignInPage" name="testSignInRetool" time="29.082"/>
  <system-out/>
</testsuite> <!-- TestCases.TestSignInPage -->
